papich
papich
emo
2023-10-21 19:44:15 - emo
2023-10-21 19:44:21 - mama
2023-10-21 19:47:03 - User: @Singing_sinking - /start
2023-10-21 19:47:04 - User: @Singing_sinking - emo
2023-10-21 19:47:04 - emo
2023-10-21 19:47:08 - User: @Singing_sinking - papich
2023-10-21 19:47:08 - papich
2023-10-21 19:48:23 - User: @Singing_sinking - /start
2023-10-21 19:48:26 - User: @Singing_sinking - 1234
2023-10-21 19:48:29 - User: @Singing_sinking - 223
2023-10-21 19:50:34 - User: @k_sava13 - /start
2023-10-21 19:50:42 - User: @k_sava13 - Владосхуесос
2023-10-21 19:51:08 - User: @k_sava13 - Папич
2023-10-21 19:55:01 - User: @k_sava13 - Vladoshuesos
2023-10-21 19:55:36 - User: @Singing_sinking - /start
2023-10-21 19:55:38 - User: @Singing_sinking - emo
2023-10-21 19:55:44 - User: @Singing_sinking - Soska
2023-10-21 19:55:55 - User: @Singing_sinking - 
2023-10-21 19:57:04 - User: @Singing_sinking -  
2023-10-21 19:58:05 - User: @Singing_sinking - papich
2023-10-21 19:58:17 - User: @GanzaPaz - 
2023-10-21 19:58:29 - User: @GanzaPaz - 
2023-10-21 19:58:46 - User: @GanzaPaz -  
